Arguments: 
  C:\Program Files\nodejs\node.exe C:\Program Files (x86)\Yarn\bin\yarn.js add yromen-generator

PATH: 
  C:\Program Files (x86)\NetSarang\Xftp 6\;C:\WINDOWS\system32;C:\WINDOWS;C:\WINDOWS\System32\Wbem;C:\WINDOWS\System32\WindowsPowerShell\v1.0\;C:\Program Files\Git\cmd;C:\Users\tp\AppData\Local\Programs\Python\Python37;C:\Users\tp\AppData\Local\Programs\Python\Python37\Scripts;C:\WINDOWS\System32\OpenSSH\;C:\Users\tp\AppData\Roaming\nvm;C:\Program Files\nodejs;C:\Program Files\TortoiseGit\bin;C:\Program Files (x86)\Yarn\bin\;C:\Users\tp\AppData\Local\Microsoft\WindowsApps;C:\Users\tp\AppData\Roaming\nvm;C:\Program Files\nodejs;H:\Microsoft VS Code\bin;C:\Users\tp\AppData\Local\Yarn\bin

Yarn version: 
  1.22.5

Node version: 
  14.8.0

Platform: 
  win32 x64

Trace: 
  Error: https://registry.yarnpkg.com/yromen-generator: Not found
      at Request.params.callback [as _callback] (C:\Program Files (x86)\Yarn\lib\cli.js:66097:18)
      at Request.self.callback (C:\Program Files (x86)\Yarn\lib\cli.js:140749:22)
      at Request.emit (events.js:314:20)
      at Request.<anonymous> (C:\Program Files (x86)\Yarn\lib\cli.js:141721:10)
      at Request.emit (events.js:314:20)
      at IncomingMessage.<anonymous> (C:\Program Files (x86)\Yarn\lib\cli.js:141643:12)
      at Object.onceWrapper (events.js:420:28)
      at IncomingMessage.emit (events.js:326:22)
      at endReadableNT (_stream_readable.js:1244:12)
      at processTicksAndRejections (internal/process/task_queues.js:80:21)

npm manifest: 
  {
    "name": "generator-tangp",
    "version": "1.0.0",
    "main": "index.js",
    "license": "MIT"
  }

yarn manifest: 
  No manifest

Lockfile: 
  No lockfile
